2025-03-28 14:37:10,635 - INFO - Historical data fetched for AAPL, head:                                  Open        High  ...  Dividends  Stock Splits
Datetime                                           ...                         
2024-12-31 09:30:00-05:00  252.660004  253.279999  ...        0.0           0.0
2024-12-31 09:45:00-05:00  252.059998  252.320007  ...        0.0           0.0
2024-12-31 10:00:00-05:00  252.250000  252.399994  ...        0.0           0.0
2024-12-31 10:15:00-05:00  251.899994  252.300003  ...        0.0           0.0
2024-12-31 10:30:00-05:00  251.690002  252.139893  ...        0.0           0.0

[5 rows x 7 columns]
2025-03-28 14:37:10,743 - INFO - Latest data fetched:                                  Open        High  ...  Dividends  Stock Splits
Datetime                                           ...                         
2025-03-28 09:30:00-04:00  221.649002  222.455002  ...        0.0           0.0

[1 rows x 7 columns]
2025-03-28 14:37:10,777 - INFO - New data written to stock_market_data.csv at 2025-03-28 09:30:00-04:00
2025-03-28 14:47:34,072 - INFO - Historical data fetched for AAPL, head:                                  Open        High  ...  Dividends  Stock Splits
Datetime                                           ...                         
2024-12-31 09:30:00-05:00  252.660004  253.279999  ...        0.0           0.0
2024-12-31 09:45:00-05:00  252.059998  252.320007  ...        0.0           0.0
2024-12-31 10:00:00-05:00  252.250000  252.399994  ...        0.0           0.0
2024-12-31 10:15:00-05:00  251.899994  252.300003  ...        0.0           0.0
2024-12-31 10:30:00-05:00  251.690002  252.139893  ...        0.0           0.0

[5 rows x 7 columns]
2025-03-28 14:47:34,178 - INFO - Latest data fetched:                                  Open        High  ...  Dividends  Stock Splits
Datetime                                           ...                         
2025-03-28 09:45:00-04:00  222.960007  223.639999  ...        0.0           0.0

[1 rows x 7 columns]
2025-03-28 14:47:34,206 - INFO - New data written to stock_market_data.csv at 2025-03-28 09:45:00-04:00
2025-03-28 14:52:10,969 - INFO - Latest data fetched:                                  Open  ...  Stock Splits
Datetime                               ...              
2025-03-28 09:45:00-04:00  222.960007  ...           0.0

[1 rows x 7 columns]
2025-03-28 14:52:11,003 - INFO - New data written to stock_market_data.csv at 2025-03-28 09:45:00-04:00
